# JRE version: OpenJDK Runtime Environment (11.0.10) (build 11.0.10+0-b96-7249189)
# Java VM: OpenJDK 64-Bit Server VM (11.0.10+0-b96-7249189, mixed mode, tiered, compressed oops, g1 gc, linux-amd64)
Heap:
 garbage-first heap   total 437248K, used 203854K [0x0000000080000000, 0x0000000100000000)
  region size 1024K, 36 young (36864K), 1 survivors (1024K)
 Metaspace       used 201175K, capacity 207363K, committed 209740K, reserved 1230848K
  class space    used 24412K, capacity 26757K, committed 28544K, reserved 1048576K
GC Heap History (20 events):
Event: 3389.079 GC heap before
{Heap before GC invocations=137 (full 0):
 garbage-first heap   total 437248K, used 218476K [0x0000000080000000, 0x0000000100000000)
  region size 1024K, 41 young (41984K), 2 survivors (2048K)
 Metaspace       used 212912K, capacity 219785K, committed 219980K, reserved 1241088K
  class space    used 25969K, capacity 28537K, committed 28544K, reserved 1048576K
}
Event: 3389.104 GC heap after
{Heap after GC invocations=138 (full 0):
 garbage-first heap   total 437248K, used 185311K [0x0000000080000000, 0x0000000100000000)
  region size 1024K, 8 young (8192K), 8 survivors (8192K)
 Metaspace       used 212912K, capacity 219785K, committed 219980K, reserved 1241088K
  class space    used 25969K, capacity 28537K, committed 28544K, reserved 1048576K
}
Event: 3637.706 GC heap before
{Heap before GC invocations=139 (full 0):
 garbage-first heap   total 437248K, used 352223K [0x0000000080000000, 0x0000000100000000)
  region size 1024K, 143 young (146432K), 8 survivors (8192K)
 Metaspace       used 200846K, capacity 207107K, committed 209740K, reserved 1230848K
  class space    used 24406K, capacity 26747K, committed 28544K, reserved 1048576K
}
Event: 3637.723 GC heap after
{Heap after GC invocations=140 (full 0):
 garbage-first heap   total 437248K, used 191180K [0x0000000080000000, 0x0000000100000000)
  region size 1024K, 13 young (13312K), 13 survivors (13312K)
 Metaspace       used 200846K, capacity 207107K, committed 209740K, reserved 1230848K
  class space    used 24406K, capacity 26747K, committed 28544K, reserved 1048576K
}
Event: 3637.742 GC heap before
{Heap before GC invocations=140 (full 0):
 garbage-first heap   total 437248K, used 199372K [0x0000000080000000, 0x0000000100000000)
  region size 1024K, 21 young (21504K), 13 survivors (13312K)
 Metaspace       used 200846K, capacity 207107K, committed 209740K, reserved 1230848K
  class space    used 24406K, capacity 26747K, committed 28544K, reserved 1048576K
}
Event: 3637.768 GC heap after
{Heap after GC invocations=141 (full 0):
 garbage-first heap   total 437248K, used 184926K [0x0000000080000000, 0x0000000100000000)
  region size 1024K, 3 young (3072K), 3 survivors (3072K)
 Metaspace       used 200846K, capacity 207107K, committed 209740K, reserved 1230848K
  class space    used 24406K, capacity 26747K, committed 28544K, reserved 1048576K
}
Event: 3637.850 GC heap before
{Heap before GC invocations=141 (full 0):
 garbage-first heap   total 437248K, used 204382K [0x0000000080000000, 0x0000000100000000)
  region size 1024K, 24 young (24576K), 3 survivors (3072K)
 Metaspace       used 200852K, capacity 207107K, committed 209740K, reserved 1230848K
  class space    used 24406K, capacity 26747K, committed 28544K, reserved 1048576K
}
Event: 3637.870 GC heap after
{Heap after GC invocations=142 (full 0):
 garbage-first heap   total 437248K, used 192322K [0x0000000080000000, 0x0000000100000000)
  region size 1024K, 11 young (11264K), 11 survivors (11264K)
 Metaspace       used 200852K, capacity 207107K, committed 209740K, reserved 1230848K
  class space    used 24406K, capacity 26747K, committed 28544K, reserved 1048576K
}
Event: 3642.008 GC heap before
{Heap before GC invocations=143 (full 0):
 garbage-first heap   total 437248K, used 297794K [0x0000000080000000, 0x0000000100000000)
  region size 1024K, 104 young (106496K), 11 survivors (11264K)
 Metaspace       used 200958K, capacity 207132K, committed 209740K, reserved 1230848K
  class space    used 24410K, capacity 26754K, committed 28544K, reserved 1048576K
}
Event: 3642.065 GC heap after
{Heap after GC invocations=144 (full 0):
 garbage-first heap   total 437248K, used 190506K [0x0000000080000000, 0x0000000100000000)
  region size 1024K, 7 young (7168K), 7 survivors (7168K)
 Metaspace       used 200958K, capacity 207132K, committed 209740K, reserved 1230848K
  class space    used 24410K, capacity 26754K, committed 28544K, reserved 1048576K
}
Event: 3644.105 GC heap before
{Heap before GC invocations=144 (full 0):
 garbage-first heap   total 437248K, used 203818K [0x0000000080000000, 0x0000000100000000)
  region size 1024K, 21 young (21504K), 7 survivors (7168K)
 Metaspace       used 200967K, capacity 207133K, committed 209740K, reserved 1230848K
  class space    used 24410K, capacity 26754K, committed 28544K, reserved 1048576K
}
Event: 3644.148 GC heap after
{Heap after GC invocations=145 (full 0):
 garbage-first heap   total 437248K, used 173703K [0x0000000080000000, 0x0000000100000000)
  region size 1024K, 2 young (2048K), 2 survivors (2048K)
 Metaspace       used 200967K, capacity 207133K, committed 209740K, reserved 1230848K
  class space    used 24410K, capacity 26754K, committed 28544K, reserved 1048576K
}
Event: 3644.228 GC heap before
{Heap before GC invocations=145 (full 0):
 garbage-first heap   total 437248K, used 180871K [0x0000000080000000, 0x0000000100000000)
  region size 1024K, 10 young (10240K), 2 survivors (2048K)
 Metaspace       used 200968K, capacity 207133K, committed 209740K, reserved 1230848K
  class space    used 24410K, capacity 26754K, committed 28544K, reserved 1048576K
}
Event: 3644.253 GC heap after
{Heap after GC invocations=146 (full 0):
 garbage-first heap   total 437248K, used 174406K [0x0000000080000000, 0x0000000100000000)
  region size 1024K, 3 young (3072K), 3 survivors (3072K)
 Metaspace       used 200968K, capacity 207133K, committed 209740K, reserved 1230848K
  class space    used 24410K, capacity 26754K, committed 28544K, reserved 1048576K
}
Event: 4442.133 GC heap before
{Heap before GC invocations=147 (full 0):
 garbage-first heap   total 437248K, used 307526K [0x0000000080000000, 0x0000000100000000)
  region size 1024K, 125 young (128000K), 3 survivors (3072K)
 Metaspace       used 201134K, capacity 207284K, committed 209740K, reserved 1230848K
  class space    used 24411K, capacity 26755K, committed 28544K, reserved 1048576K
}
Event: 4442.170 GC heap after
{Heap after GC invocations=148 (full 0):
 garbage-first heap   total 437248K, used 174962K [0x0000000080000000, 0x0000000100000000)
  region size 1024K, 8 young (8192K), 8 survivors (8192K)
 Metaspace       used 201134K, capacity 207284K, committed 209740K, reserved 1230848K
  class space    used 24411K, capacity 26755K, committed 28544K, reserved 1048576K
}
Event: 4442.345 GC heap before
{Heap before GC invocations=148 (full 0):
 garbage-first heap   total 437248K, used 194418K [0x0000000080000000, 0x0000000100000000)
  region size 1024K, 21 young (21504K), 8 survivors (8192K)
 Metaspace       used 201143K, capacity 207348K, committed 209740K, reserved 1230848K
  class space    used 24411K, capacity 26755K, committed 28544K, reserved 1048576K
}
Event: 4442.427 GC heap after
{Heap after GC invocations=149 (full 0):
 garbage-first heap   total 437248K, used 166330K [0x0000000080000000, 0x0000000100000000)
  region size 1024K, 2 young (2048K), 2 survivors (2048K)
 Metaspace       used 201143K, capacity 207348K, committed 209740K, reserved 1230848K
  class space    used 24411K, capacity 26755K, committed 28544K, reserved 1048576K
}
Event: 4442.429 GC heap before
{Heap before GC invocations=149 (full 0):
 garbage-first heap   total 437248K, used 166330K [0x0000000080000000, 0x0000000100000000)
  region size 1024K, 3 young (3072K), 2 survivors (2048K)
 Metaspace       used 201143K, capacity 207348K, committed 209740K, reserved 1230848K
  class space    used 24411K, capacity 26755K, committed 28544K, reserved 1048576K
}
Event: 4442.438 GC heap after
{Heap after GC invocations=150 (full 0):
 garbage-first heap   total 437248K, used 165966K [0x0000000080000000, 0x0000000100000000)
  region size 1024K, 1 young (1024K), 1 survivors (1024K)
 Metaspace       used 201143K, capacity 207348K, committed 209740K, reserved 1230848K
  class space    used 24411K, capacity 26755K, committed 28544K, reserved 1048576K
}

